2022-08-04 11:55:19,835 [INFO] Activator:177 - 


2022-08-04 11:55:19,836 [INFO] Activator:178 - !SESSION log4j initialized
2022-08-04 11:55:44,104 [ERROR] LogOutputStream:74 - [STDERR_REDIRECT] SLF4J: Failed to load class "org.slf4j.impl.StaticLoggerBinder".
2022-08-04 11:55:44,105 [ERROR] LogOutputStream:74 - [STDERR_REDIRECT] SLF4J: Defaulting to no-operation (NOP) logger implementation
2022-08-04 11:55:44,109 [ERROR] LogOutputStream:74 - [STDERR_REDIRECT] SLF4J: See http://www.slf4j.org/codes.html#StaticLoggerBinder for further details.
2022-08-04 11:59:01,782 [INFO] Activator:177 - 


2022-08-04 11:59:01,783 [INFO] Activator:178 - !SESSION log4j initialized
2022-08-04 11:59:28,089 [ERROR] LogOutputStream:74 - [STDERR_REDIRECT] SLF4J: Failed to load class "org.slf4j.impl.StaticLoggerBinder".
2022-08-04 11:59:28,089 [ERROR] LogOutputStream:74 - [STDERR_REDIRECT] SLF4J: Defaulting to no-operation (NOP) logger implementation
2022-08-04 11:59:28,092 [ERROR] LogOutputStream:74 - [STDERR_REDIRECT] SLF4J: See http://www.slf4j.org/codes.html#StaticLoggerBinder for further details.
2022-08-04 12:03:45,185 [INFO] Activator:177 - 


2022-08-04 12:03:45,186 [INFO] Activator:178 - !SESSION log4j initialized
2022-08-04 12:04:11,787 [ERROR] LogOutputStream:74 - [STDERR_REDIRECT] SLF4J: Failed to load class "org.slf4j.impl.StaticLoggerBinder".
2022-08-04 12:04:11,788 [ERROR] LogOutputStream:74 - [STDERR_REDIRECT] SLF4J: Defaulting to no-operation (NOP) logger implementation
2022-08-04 12:04:11,791 [ERROR] LogOutputStream:74 - [STDERR_REDIRECT] SLF4J: See http://www.slf4j.org/codes.html#StaticLoggerBinder for further details.
2022-08-04 12:41:24,575 [INFO] Activator:177 - 


2022-08-04 12:41:24,577 [INFO] Activator:178 - !SESSION log4j initialized
2022-08-04 12:41:51,864 [ERROR] LogOutputStream:74 - [STDERR_REDIRECT] SLF4J: Failed to load class "org.slf4j.impl.StaticLoggerBinder".
2022-08-04 12:41:51,865 [ERROR] LogOutputStream:74 - [STDERR_REDIRECT] SLF4J: Defaulting to no-operation (NOP) logger implementation
2022-08-04 12:41:51,867 [ERROR] LogOutputStream:74 - [STDERR_REDIRECT] SLF4J: See http://www.slf4j.org/codes.html#StaticLoggerBinder for further details.
2022-08-04 16:23:08,871 [INFO] Activator:177 - 


2022-08-04 16:23:08,872 [INFO] Activator:178 - !SESSION log4j initialized
2022-08-04 16:23:36,081 [ERROR] LogOutputStream:74 - [STDERR_REDIRECT] SLF4J: Failed to load class "org.slf4j.impl.StaticLoggerBinder".
2022-08-04 16:23:36,082 [ERROR] LogOutputStream:74 - [STDERR_REDIRECT] SLF4J: Defaulting to no-operation (NOP) logger implementation
2022-08-04 16:23:36,086 [ERROR] LogOutputStream:74 - [STDERR_REDIRECT] SLF4J: See http://www.slf4j.org/codes.html#StaticLoggerBinder for further details.
2022-08-04 16:28:03,300 [INFO] Activator:177 - 


2022-08-04 16:28:03,302 [INFO] Activator:178 - !SESSION log4j initialized
2022-08-04 16:28:30,564 [ERROR] LogOutputStream:74 - [STDERR_REDIRECT] SLF4J: Failed to load class "org.slf4j.impl.StaticLoggerBinder".
2022-08-04 16:28:30,564 [ERROR] LogOutputStream:74 - [STDERR_REDIRECT] SLF4J: Defaulting to no-operation (NOP) logger implementation
2022-08-04 16:28:30,567 [ERROR] LogOutputStream:74 - [STDERR_REDIRECT] SLF4J: See http://www.slf4j.org/codes.html#StaticLoggerBinder for further details.
2022-08-04 16:44:25,324 [INFO] Activator:177 - 


2022-08-04 16:44:25,325 [INFO] Activator:178 - !SESSION log4j initialized
2022-08-04 16:44:52,696 [ERROR] LogOutputStream:74 - [STDERR_REDIRECT] SLF4J: Failed to load class "org.slf4j.impl.StaticLoggerBinder".
2022-08-04 16:44:52,697 [ERROR] LogOutputStream:74 - [STDERR_REDIRECT] SLF4J: Defaulting to no-operation (NOP) logger implementation
2022-08-04 16:44:52,701 [ERROR] LogOutputStream:74 - [STDERR_REDIRECT] SLF4J: See http://www.slf4j.org/codes.html#StaticLoggerBinder for further details.
2022-08-04 17:16:00,190 [INFO] Activator:177 - 


2022-08-04 17:16:00,191 [INFO] Activator:178 - !SESSION log4j initialized
2022-08-04 17:16:27,235 [ERROR] LogOutputStream:74 - [STDERR_REDIRECT] SLF4J: Failed to load class "org.slf4j.impl.StaticLoggerBinder".
2022-08-04 17:16:27,235 [ERROR] LogOutputStream:74 - [STDERR_REDIRECT] SLF4J: Defaulting to no-operation (NOP) logger implementation
2022-08-04 17:16:27,239 [ERROR] LogOutputStream:74 - [STDERR_REDIRECT] SLF4J: See http://www.slf4j.org/codes.html#StaticLoggerBinder for further details.
2022-08-05 10:15:10,547 [INFO] Activator:177 - 


2022-08-05 10:15:10,547 [INFO] Activator:178 - !SESSION log4j initialized
2022-08-05 10:15:39,280 [ERROR] LogOutputStream:74 - [STDERR_REDIRECT] SLF4J: Failed to load class "org.slf4j.impl.StaticLoggerBinder".
2022-08-05 10:15:39,280 [ERROR] LogOutputStream:74 - [STDERR_REDIRECT] SLF4J: Defaulting to no-operation (NOP) logger implementation
2022-08-05 10:15:39,282 [ERROR] LogOutputStream:74 - [STDERR_REDIRECT] SLF4J: See http://www.slf4j.org/codes.html#StaticLoggerBinder for further details.
2022-08-05 11:04:20,587 [INFO] Activator:177 - 


2022-08-05 11:04:20,587 [INFO] Activator:178 - !SESSION log4j initialized
2022-08-05 11:04:47,608 [ERROR] LogOutputStream:74 - [STDERR_REDIRECT] SLF4J: Failed to load class "org.slf4j.impl.StaticLoggerBinder".
2022-08-05 11:04:47,609 [ERROR] LogOutputStream:74 - [STDERR_REDIRECT] SLF4J: Defaulting to no-operation (NOP) logger implementation
2022-08-05 11:04:47,612 [ERROR] LogOutputStream:74 - [STDERR_REDIRECT] SLF4J: See http://www.slf4j.org/codes.html#StaticLoggerBinder for further details.
2022-08-05 11:09:30,054 [INFO] Activator:177 - 


2022-08-05 11:09:30,054 [INFO] Activator:178 - !SESSION log4j initialized
2022-08-05 11:09:57,184 [ERROR] LogOutputStream:74 - [STDERR_REDIRECT] SLF4J: Failed to load class "org.slf4j.impl.StaticLoggerBinder".
2022-08-05 11:09:57,184 [ERROR] LogOutputStream:74 - [STDERR_REDIRECT] SLF4J: Defaulting to no-operation (NOP) logger implementation
2022-08-05 11:09:57,184 [ERROR] LogOutputStream:74 - [STDERR_REDIRECT] SLF4J: See http://www.slf4j.org/codes.html#StaticLoggerBinder for further details.
2022-08-05 11:44:01,863 [INFO] Activator:177 - 


2022-08-05 11:44:01,863 [INFO] Activator:178 - !SESSION log4j initialized
2022-08-05 11:44:28,718 [ERROR] LogOutputStream:74 - [STDERR_REDIRECT] SLF4J: Failed to load class "org.slf4j.impl.StaticLoggerBinder".
2022-08-05 11:44:28,718 [ERROR] LogOutputStream:74 - [STDERR_REDIRECT] SLF4J: Defaulting to no-operation (NOP) logger implementation
2022-08-05 11:44:28,733 [ERROR] LogOutputStream:74 - [STDERR_REDIRECT] SLF4J: See http://www.slf4j.org/codes.html#StaticLoggerBinder for further details.
2022-08-05 11:52:32,065 [INFO] Activator:177 - 


2022-08-05 11:52:32,065 [INFO] Activator:178 - !SESSION log4j initialized
2022-08-05 11:52:59,243 [ERROR] LogOutputStream:74 - [STDERR_REDIRECT] SLF4J: Failed to load class "org.slf4j.impl.StaticLoggerBinder".
2022-08-05 11:52:59,243 [ERROR] LogOutputStream:74 - [STDERR_REDIRECT] SLF4J: Defaulting to no-operation (NOP) logger implementation
2022-08-05 11:52:59,243 [ERROR] LogOutputStream:74 - [STDERR_REDIRECT] SLF4J: See http://www.slf4j.org/codes.html#StaticLoggerBinder for further details.
2022-08-05 13:44:46,633 [INFO] Activator:177 - 


2022-08-05 13:44:46,633 [INFO] Activator:178 - !SESSION log4j initialized
2022-08-05 13:45:13,789 [ERROR] LogOutputStream:74 - [STDERR_REDIRECT] SLF4J: Failed to load class "org.slf4j.impl.StaticLoggerBinder".
2022-08-05 13:45:13,789 [ERROR] LogOutputStream:74 - [STDERR_REDIRECT] SLF4J: Defaulting to no-operation (NOP) logger implementation
2022-08-05 13:45:13,796 [ERROR] LogOutputStream:74 - [STDERR_REDIRECT] SLF4J: See http://www.slf4j.org/codes.html#StaticLoggerBinder for further details.
2022-08-05 14:42:51,952 [INFO] Activator:177 - 


2022-08-05 14:42:51,952 [INFO] Activator:178 - !SESSION log4j initialized
2022-08-05 14:43:18,716 [ERROR] LogOutputStream:74 - [STDERR_REDIRECT] SLF4J: Failed to load class "org.slf4j.impl.StaticLoggerBinder".
2022-08-05 14:43:18,716 [ERROR] LogOutputStream:74 - [STDERR_REDIRECT] SLF4J: Defaulting to no-operation (NOP) logger implementation
2022-08-05 14:43:18,716 [ERROR] LogOutputStream:74 - [STDERR_REDIRECT] SLF4J: See http://www.slf4j.org/codes.html#StaticLoggerBinder for further details.
2022-08-05 14:59:46,120 [INFO] Activator:177 - 


2022-08-05 14:59:46,120 [INFO] Activator:178 - !SESSION log4j initialized
2022-08-05 15:00:13,024 [ERROR] LogOutputStream:74 - [STDERR_REDIRECT] SLF4J: Failed to load class "org.slf4j.impl.StaticLoggerBinder".
2022-08-05 15:00:13,024 [ERROR] LogOutputStream:74 - [STDERR_REDIRECT] SLF4J: Defaulting to no-operation (NOP) logger implementation
2022-08-05 15:00:13,024 [ERROR] LogOutputStream:74 - [STDERR_REDIRECT] SLF4J: See http://www.slf4j.org/codes.html#StaticLoggerBinder for further details.
